--------- beginning of main
06-18 11:46:26.048 15875 15875 I MeshLinkReferenceAutomation: REFERENCE_AUTOMATION readAutomationConfig enabled=true mode=live-proof role=sender benchmarkTransport=gatt-notify
06-18 11:46:26.064 15875 15875 I MeshLinkReferenceAutomation: REFERENCE_AUTOMATION startup stage=activity.onCreate mode=LIVE_PROOF role=SENDER scenario=direct-guided appId=demo.meshlink.reference.android-direct.a065_xcover storage=02_a065_xcover_final
06-18 11:46:26.064 15875 15875 I MeshLinkReferenceAutomation: REFERENCE_AUTOMATION power.state stage=onCreate interactive=true powerSaveMode=false directProof=true
06-18 11:46:26.064 15875 15875 I MeshLinkReferenceAutomation: REFERENCE_AUTOMATION directProof.transport role=SENDER benchmarkTransport=gatt-notify
06-18 11:46:26.064 15875 15875 I MeshLinkReferenceAutomation: REFERENCE_AUTOMATION gatt.server.evaluate role=SENDER benchmarkTransport=gatt-notify passiveGattRequested=false
06-18 11:46:26.066 15875 15875 I MeshLinkReferenceAutomation: REFERENCE_AUTOMATION startup stage=activity.onCreate mode=LIVE_PROOF role=SENDER scenario=direct-guided appId=demo.meshlink.reference.android-direct.a065_xcover transport=gatt-benchmark
06-18 11:46:26.066 15875 15875 I MeshLinkReferenceAutomation: REFERENCE_AUTOMATION send.requested role=sender
06-18 11:46:26.068 15875 15875 I MeshLinkReferenceAutomation: GATT benchmark scanning appId=demo.meshlink.reference.android-direct.a065_xcover
06-18 11:46:26.068 15875 15875 I MeshLinkReferenceAutomation: REFERENCE_AUTOMATION bridge.state Scanning(GATT benchmark)
06-18 11:46:26.072 15875 15875 I MeshLinkReferenceAutomation: gatt.start() -> Started
06-18 11:46:26.077 15875 15875 I MeshLinkReferenceAutomation: REFERENCE_AUTOMATION live.controller.created surface=main-guided platform=Android appId=demo.meshlink.reference.android-direct.a065_xcover
06-18 11:46:26.078 15875 15875 I MeshLinkReferenceAutomation: REFERENCE_AUTOMATION startup.coordinator.skipped mode=LIVE_PROOF role=SENDER benchmarkTransport=gatt-notify appId=demo.meshlink.reference.android-direct.a065_xcover controller=LiveReferenceMeshLinkController reason=non-meshlink-benchmark-transport
06-18 11:46:26.094 15875 15875 I MeshLinkReferenceAutomation: REFERENCE_AUTOMATION power.state stage=onResume interactive=true powerSaveMode=false directProof=true
06-18 11:46:26.188 15875 15875 I MeshLinkReferenceAutomation: REFERENCE_AUTOMATION live.controller.created surface=main-guided platform=Android appId=demo.meshlink.reference.android-direct.a065_xcover
06-18 11:46:26.188 15875 15875 I MeshLinkReferenceAutomation: REFERENCE_AUTOMATION supported.controller.created surface=main-guided type=LiveReferenceMeshLinkController
06-18 11:46:26.193 15875 15902 I MeshLinkReferenceAutomation: REFERENCE_AUTOMATION session.controller.start kind=SUPPORTED_LIVE platform=Android
06-18 11:46:26.193 15875 15902 I MeshLinkReferenceAutomation: REFERENCE_AUTOMATION supported.controller.dispatch surface=main-guided type=LiveReferenceMeshLinkController
06-18 11:46:26.193 15875 15902 I MeshLinkReferenceAutomation: REFERENCE_AUTOMATION live.controller.start surface=main-guided platform=Android appId=demo.meshlink.reference.android-direct.a065_xcover
06-18 11:46:26.236 15875 15902 I MeshLinkReferenceAutomation: startTransport hardware scanner=true advertiser=true carrier=UUID_PAIR
06-18 11:46:26.239 15875 15902 I MeshLinkReferenceAutomation: start() with l2capPsm=220
06-18 11:46:26.240 15875 15902 I MeshLinkReferenceAutomation: refreshDiscoveryState started=true suspended=false scanner=true advertiser=true psm=220 carrier=UUID_PAIR
06-18 11:46:26.241 15875 15902 I MeshLinkReferenceAutomation: scan requested mode=2 carrier=UUID_PAIR
06-18 11:46:26.244 15875 15902 I MeshLinkReferenceAutomation: scan start invoked carrier=UUID_PAIR
06-18 11:46:26.244 15875 15902 I MeshLinkReferenceAutomation: scan started
06-18 11:46:26.244 15875 15902 I MeshLinkReferenceAutomation: advertise requested mode=2 carrier=UUID_PAIR payloadPsm=220
06-18 11:46:26.245 15875 15902 I MeshLinkReferenceAutomation: advertise start invoked carrier=UUID_PAIR payloadPsm=220
06-18 11:46:26.245 15875 15902 I MeshLinkReferenceAutomation: advertise requested carrier=UUID_PAIR payloadPsm=220
06-18 11:46:26.246 15875 15906 I MeshLinkReferenceAutomation: REFERENCE_RUNTIME diagnostic code=MESH_STARTED stage=lifecycle.start peer=none detail=MESH_STARTED @ lifecycle.start
06-18 11:46:26.286 15875 15875 I MeshLinkReferenceAutomation: REFERENCE_AUTOMATION driver.handle role=SENDER mode=LIVE_PROOF snapshotPeers=0 timelineEntries=4
06-18 11:46:26.286 15875 15875 I MeshLinkReferenceAutomation: REFERENCE_AUTOMATION started mode=LIVE_PROOF role=SENDER benchmarkTransport=gatt-notify scenario=direct-guided appId=demo.meshlink.reference.android-direct.a065_xcover storage=02_a065_xcover_final
06-18 11:46:26.286 15875 15875 I MeshLinkReferenceAutomation: REFERENCE_AUTOMATION snapshot role=SENDER peers=0 hasPeers=false meshStartRequested=false peerAnnounced=false announced=true
06-18 11:46:26.286 15875 15875 I MeshLinkReferenceAutomation: REFERENCE_AUTOMATION peers role=SENDER count=0 suffixes=
06-18 11:46:26.286 15875 15875 I MeshLinkReferenceAutomation: REFERENCE_AUTOMATION mesh.start.evaluate role=SENDER meshStartRequested=false meshState=Running readinessBlockers=
06-18 11:46:26.286 15875 15875 I MeshLinkReferenceAutomation: REFERENCE_AUTOMATION mesh.start.skipped role=SENDER meshStartRequested=false meshState=Running readinessBlockers=
06-18 11:46:26.286 15875 15875 I MeshLinkReferenceAutomation: REFERENCE_AUTOMATION sender.waiting role=sender reason=no-peers
06-18 11:46:26.286 15875 15875 I MeshLinkReferenceAutomation: REFERENCE_AUTOMATION sender.wait.retry role=sender reason=no-peers attempt=1 delayMs=5000
06-18 11:46:26.415 15875 15875 I MeshLinkReferenceAutomation: GATT benchmark discovered device=7B:FB:9F:BF:4E:34 rssi=-65
06-18 11:46:26.415 15875 15875 I MeshLinkReferenceAutomation: REFERENCE_AUTOMATION bridge.state Connecting(GATT benchmark)
06-18 11:46:26.415 15875 15875 I MeshLinkReferenceAutomation: REFERENCE_AUTOMATION peer.discovered role=SENDER peer=gatt-notify-bridge
06-18 11:46:26.451 15875 15875 I MeshLinkReferenceAutomation: advertising started mode=2 tx=3 connectable=true
06-18 11:46:26.818 15875 15891 I MeshLinkReferenceAutomation: GATT benchmark connection status=0 state=CONNECTED
06-18 11:46:26.818 15875 15891 I MeshLinkReferenceAutomation: REFERENCE_AUTOMATION bridge.state Configuring(GATT benchmark)
06-18 11:46:26.818 15875 15891 I MeshLinkReferenceAutomation: REFERENCE_AUTOMATION ROUTE_DISCOVERED role=SENDER peer=gatt-notify-bridge
06-18 11:46:27.320 15875 15875 I MeshLinkReferenceAutomation: GATT benchmark service discovery retry attempt=1
06-18 11:46:27.360 15875 15891 I MeshLinkReferenceAutomation: GATT benchmark services discovered status=0
06-18 11:46:27.361 15875 15891 I MeshLinkReferenceAutomation: GATT benchmark characteristics ready write=4d455348-1002-1000-8000-000000000000 ack=4d455348-1003-1000-8000-000000000000
06-18 11:46:27.392 15875 15891 I MeshLinkReferenceAutomation: GATT benchmark notifications enabled
06-18 11:46:27.392 15875 15891 I MeshLinkReferenceAutomation: REFERENCE_AUTOMATION bridge.state Running(GATT benchmark)
06-18 11:46:27.392 15875 15891 I MeshLinkReferenceAutomation: GATT benchmark start token=1c01054e65ee4bb3 bytes=50 chunks=5
06-18 11:46:27.584 15875 15891 I MeshLinkReferenceAutomation: GATT benchmark data token=1c01054e65ee4bb3 chunk=1/5 bytes=11
06-18 11:46:27.640 15875 15891 I MeshLinkReferenceAutomation: GATT benchmark data token=1c01054e65ee4bb3 chunk=2/5 bytes=11
06-18 11:46:27.701 15875 15891 I MeshLinkReferenceAutomation: GATT benchmark data token=1c01054e65ee4bb3 chunk=3/5 bytes=11
06-18 11:46:27.792 15875 15891 I MeshLinkReferenceAutomation: GATT benchmark data token=1c01054e65ee4bb3 chunk=4/5 bytes=11
06-18 11:46:27.851 15875 15891 I MeshLinkReferenceAutomation: GATT benchmark data token=1c01054e65ee4bb3 chunk=5/5 bytes=6
06-18 11:46:27.911 15875 15891 I MeshLinkReferenceAutomation: BENCHMARK receipt send(ee4bb3) -> Sent token=1c01054e65ee4bb3 bytes=50 attempt=1
06-18 11:46:27.911 15875 15891 I MeshLinkReferenceAutomation: GATT benchmark completed token=1c01054e65ee4bb3 bytes=50
06-18 11:46:27.911 15875 15891 I MeshLinkReferenceAutomation: REFERENCE_AUTOMATION bridge.state Completed(GATT benchmark)
06-18 11:46:27.911 15875 15891 I MeshLinkReferenceAutomation: REFERENCE_AUTOMATION proof.complete role=sender
06-18 11:46:31.290 15875 15900 I MeshLinkReferenceAutomation: REFERENCE_AUTOMATION driver.handle role=SENDER mode=LIVE_PROOF snapshotPeers=0 timelineEntries=4
06-18 11:46:31.290 15875 15900 I MeshLinkReferenceAutomation: REFERENCE_AUTOMATION snapshot role=SENDER peers=0 hasPeers=false meshStartRequested=false peerAnnounced=false announced=true
06-18 11:46:31.291 15875 15900 I MeshLinkReferenceAutomation: REFERENCE_AUTOMATION mesh.start.evaluate role=SENDER meshStartRequested=false meshState=Running readinessBlockers=
06-18 11:46:31.291 15875 15900 I MeshLinkReferenceAutomation: REFERENCE_AUTOMATION mesh.start.skipped role=SENDER meshStartRequested=false meshState=Running readinessBlockers=
06-18 11:46:31.291 15875 15900 I MeshLinkReferenceAutomation: REFERENCE_AUTOMATION sender.wait.retry role=sender reason=no-peers attempt=2 delayMs=5000
06-18 11:46:36.296 15875 15900 I MeshLinkReferenceAutomation: REFERENCE_AUTOMATION driver.handle role=SENDER mode=LIVE_PROOF snapshotPeers=0 timelineEntries=4
06-18 11:46:36.296 15875 15900 I MeshLinkReferenceAutomation: REFERENCE_AUTOMATION snapshot role=SENDER peers=0 hasPeers=false meshStartRequested=false peerAnnounced=false announced=true
06-18 11:46:36.296 15875 15900 I MeshLinkReferenceAutomation: REFERENCE_AUTOMATION mesh.start.evaluate role=SENDER meshStartRequested=false meshState=Running readinessBlockers=
06-18 11:46:36.296 15875 15900 I MeshLinkReferenceAutomation: REFERENCE_AUTOMATION mesh.start.skipped role=SENDER meshStartRequested=false meshState=Running readinessBlockers=
06-18 11:46:36.297 15875 15900 I MeshLinkReferenceAutomation: REFERENCE_AUTOMATION sender.wait.retry role=sender reason=no-peers attempt=3 delayMs=5000
06-18 11:46:41.300 15875 15904 I MeshLinkReferenceAutomation: REFERENCE_AUTOMATION driver.handle role=SENDER mode=LIVE_PROOF snapshotPeers=0 timelineEntries=4
06-18 11:46:41.301 15875 15904 I MeshLinkReferenceAutomation: REFERENCE_AUTOMATION snapshot role=SENDER peers=0 hasPeers=false meshStartRequested=false peerAnnounced=false announced=true
06-18 11:46:41.301 15875 15904 I MeshLinkReferenceAutomation: REFERENCE_AUTOMATION mesh.start.evaluate role=SENDER meshStartRequested=false meshState=Running readinessBlockers=
06-18 11:46:41.301 15875 15904 I MeshLinkReferenceAutomation: REFERENCE_AUTOMATION mesh.start.skipped role=SENDER meshStartRequested=false meshState=Running readinessBlockers=
06-18 11:46:41.301 15875 15904 I MeshLinkReferenceAutomation: REFERENCE_AUTOMATION sender.wait.retry role=sender reason=no-peers attempt=4 delayMs=5000
