--------- beginning of main
06-18 11:43:07.200 15129 15129 I MeshLinkReferenceAutomation: REFERENCE_AUTOMATION readAutomationConfig enabled=true mode=live-proof role=sender benchmarkTransport=gatt-notify
06-18 11:43:07.216 15129 15129 I MeshLinkReferenceAutomation: REFERENCE_AUTOMATION startup stage=activity.onCreate mode=LIVE_PROOF role=SENDER scenario=direct-guided appId=demo.meshlink.reference.android-direct.a065_nam_lx9 storage=01_a065_nam_lx9_initial
06-18 11:43:07.216 15129 15129 I MeshLinkReferenceAutomation: REFERENCE_AUTOMATION power.state stage=onCreate interactive=true powerSaveMode=false directProof=true
06-18 11:43:07.216 15129 15129 I MeshLinkReferenceAutomation: REFERENCE_AUTOMATION directProof.transport role=SENDER benchmarkTransport=gatt-notify
06-18 11:43:07.216 15129 15129 I MeshLinkReferenceAutomation: REFERENCE_AUTOMATION gatt.server.evaluate role=SENDER benchmarkTransport=gatt-notify passiveGattRequested=false
06-18 11:43:07.218 15129 15129 I MeshLinkReferenceAutomation: REFERENCE_AUTOMATION startup stage=activity.onCreate mode=LIVE_PROOF role=SENDER scenario=direct-guided appId=demo.meshlink.reference.android-direct.a065_nam_lx9 transport=gatt-benchmark
06-18 11:43:07.218 15129 15129 I MeshLinkReferenceAutomation: REFERENCE_AUTOMATION send.requested role=sender
06-18 11:43:07.220 15129 15129 I MeshLinkReferenceAutomation: GATT benchmark scanning appId=demo.meshlink.reference.android-direct.a065_nam_lx9
06-18 11:43:07.220 15129 15129 I MeshLinkReferenceAutomation: REFERENCE_AUTOMATION bridge.state Scanning(GATT benchmark)
06-18 11:43:07.225 15129 15129 I MeshLinkReferenceAutomation: gatt.start() -> Started
06-18 11:43:07.229 15129 15129 I MeshLinkReferenceAutomation: REFERENCE_AUTOMATION live.controller.created surface=main-guided platform=Android appId=demo.meshlink.reference.android-direct.a065_nam_lx9
06-18 11:43:07.230 15129 15129 I MeshLinkReferenceAutomation: REFERENCE_AUTOMATION startup.coordinator.skipped mode=LIVE_PROOF role=SENDER benchmarkTransport=gatt-notify appId=demo.meshlink.reference.android-direct.a065_nam_lx9 controller=LiveReferenceMeshLinkController reason=non-meshlink-benchmark-transport
06-18 11:43:07.246 15129 15129 I MeshLinkReferenceAutomation: REFERENCE_AUTOMATION power.state stage=onResume interactive=true powerSaveMode=false directProof=true
06-18 11:43:07.340 15129 15129 I MeshLinkReferenceAutomation: REFERENCE_AUTOMATION live.controller.created surface=main-guided platform=Android appId=demo.meshlink.reference.android-direct.a065_nam_lx9
06-18 11:43:07.340 15129 15129 I MeshLinkReferenceAutomation: REFERENCE_AUTOMATION supported.controller.created surface=main-guided type=LiveReferenceMeshLinkController
06-18 11:43:07.345 15129 15168 I MeshLinkReferenceAutomation: REFERENCE_AUTOMATION session.controller.start kind=SUPPORTED_LIVE platform=Android
06-18 11:43:07.345 15129 15168 I MeshLinkReferenceAutomation: REFERENCE_AUTOMATION supported.controller.dispatch surface=main-guided type=LiveReferenceMeshLinkController
06-18 11:43:07.345 15129 15168 I MeshLinkReferenceAutomation: REFERENCE_AUTOMATION live.controller.start surface=main-guided platform=Android appId=demo.meshlink.reference.android-direct.a065_nam_lx9
06-18 11:43:07.381 15129 15168 I MeshLinkReferenceAutomation: startTransport hardware scanner=true advertiser=true carrier=UUID_PAIR
06-18 11:43:07.388 15129 15168 I MeshLinkReferenceAutomation: start() with l2capPsm=217
06-18 11:43:07.389 15129 15168 I MeshLinkReferenceAutomation: refreshDiscoveryState started=true suspended=false scanner=true advertiser=true psm=217 carrier=UUID_PAIR
06-18 11:43:07.389 15129 15168 I MeshLinkReferenceAutomation: scan requested mode=2 carrier=UUID_PAIR
06-18 11:43:07.392 15129 15168 I MeshLinkReferenceAutomation: scan start invoked carrier=UUID_PAIR
06-18 11:43:07.392 15129 15168 I MeshLinkReferenceAutomation: scan started
06-18 11:43:07.392 15129 15168 I MeshLinkReferenceAutomation: advertise requested mode=2 carrier=UUID_PAIR payloadPsm=217
06-18 11:43:07.393 15129 15168 I MeshLinkReferenceAutomation: advertise start invoked carrier=UUID_PAIR payloadPsm=217
06-18 11:43:07.393 15129 15168 I MeshLinkReferenceAutomation: advertise requested carrier=UUID_PAIR payloadPsm=217
06-18 11:43:07.395 15129 15168 I MeshLinkReferenceAutomation: REFERENCE_RUNTIME diagnostic code=MESH_STARTED stage=lifecycle.start peer=none detail=MESH_STARTED @ lifecycle.start
06-18 11:43:07.438 15129 15129 I MeshLinkReferenceAutomation: REFERENCE_AUTOMATION driver.handle role=SENDER mode=LIVE_PROOF snapshotPeers=0 timelineEntries=4
06-18 11:43:07.438 15129 15129 I MeshLinkReferenceAutomation: REFERENCE_AUTOMATION started mode=LIVE_PROOF role=SENDER benchmarkTransport=gatt-notify scenario=direct-guided appId=demo.meshlink.reference.android-direct.a065_nam_lx9 storage=01_a065_nam_lx9_initial
06-18 11:43:07.438 15129 15129 I MeshLinkReferenceAutomation: REFERENCE_AUTOMATION snapshot role=SENDER peers=0 hasPeers=false meshStartRequested=false peerAnnounced=false announced=true
06-18 11:43:07.438 15129 15129 I MeshLinkReferenceAutomation: REFERENCE_AUTOMATION peers role=SENDER count=0 suffixes=
06-18 11:43:07.438 15129 15129 I MeshLinkReferenceAutomation: REFERENCE_AUTOMATION mesh.start.evaluate role=SENDER meshStartRequested=false meshState=Running readinessBlockers=
06-18 11:43:07.438 15129 15129 I MeshLinkReferenceAutomation: REFERENCE_AUTOMATION mesh.start.skipped role=SENDER meshStartRequested=false meshState=Running readinessBlockers=
06-18 11:43:07.439 15129 15129 I MeshLinkReferenceAutomation: REFERENCE_AUTOMATION sender.waiting role=sender reason=no-peers
06-18 11:43:07.439 15129 15129 I MeshLinkReferenceAutomation: REFERENCE_AUTOMATION sender.wait.retry role=sender reason=no-peers attempt=1 delayMs=5000
06-18 11:43:07.604 15129 15129 I MeshLinkReferenceAutomation: GATT benchmark discovered device=59:E2:3C:73:CB:2F rssi=-34
06-18 11:43:07.604 15129 15129 I MeshLinkReferenceAutomation: REFERENCE_AUTOMATION bridge.state Connecting(GATT benchmark)
06-18 11:43:07.604 15129 15129 I MeshLinkReferenceAutomation: REFERENCE_AUTOMATION peer.discovered role=SENDER peer=gatt-notify-bridge
06-18 11:43:07.610 15129 15129 I MeshLinkReferenceAutomation: advertising started mode=2 tx=3 connectable=true
06-18 11:43:08.126 15129 15148 I MeshLinkReferenceAutomation: GATT benchmark connection status=0 state=CONNECTED
06-18 11:43:08.127 15129 15148 I MeshLinkReferenceAutomation: REFERENCE_AUTOMATION bridge.state Configuring(GATT benchmark)
06-18 11:43:08.127 15129 15148 I MeshLinkReferenceAutomation: REFERENCE_AUTOMATION ROUTE_DISCOVERED role=SENDER peer=gatt-notify-bridge
06-18 11:43:08.632 15129 15129 I MeshLinkReferenceAutomation: GATT benchmark service discovery retry attempt=1
06-18 11:43:09.675 15129 15148 I MeshLinkReferenceAutomation: GATT benchmark services discovered status=0
06-18 11:43:09.675 15129 15148 I MeshLinkReferenceAutomation: GATT benchmark characteristics ready write=4d455348-1002-1000-8000-000000000000 ack=4d455348-1003-1000-8000-000000000000
06-18 11:43:09.701 15129 15148 I MeshLinkReferenceAutomation: GATT benchmark notifications enabled
06-18 11:43:09.702 15129 15148 I MeshLinkReferenceAutomation: REFERENCE_AUTOMATION bridge.state Running(GATT benchmark)
06-18 11:43:09.702 15129 15148 I MeshLinkReferenceAutomation: GATT benchmark start token=df870458685d420d bytes=51 chunks=5
06-18 11:43:09.757 15129 15148 I MeshLinkReferenceAutomation: GATT benchmark data token=df870458685d420d chunk=1/5 bytes=11
06-18 11:43:09.797 15129 15148 I MeshLinkReferenceAutomation: GATT benchmark data token=df870458685d420d chunk=2/5 bytes=11
06-18 11:43:09.859 15129 15148 I MeshLinkReferenceAutomation: GATT benchmark data token=df870458685d420d chunk=3/5 bytes=11
06-18 11:43:09.919 15129 15148 I MeshLinkReferenceAutomation: GATT benchmark data token=df870458685d420d chunk=4/5 bytes=11
06-18 11:43:09.977 15129 15148 I MeshLinkReferenceAutomation: GATT benchmark data token=df870458685d420d chunk=5/5 bytes=7
06-18 11:43:10.040 15129 15148 I MeshLinkReferenceAutomation: BENCHMARK receipt send(5d420d) -> Sent token=df870458685d420d bytes=51 attempt=1
06-18 11:43:10.041 15129 15148 I MeshLinkReferenceAutomation: GATT benchmark completed token=df870458685d420d bytes=51
06-18 11:43:10.041 15129 15148 I MeshLinkReferenceAutomation: REFERENCE_AUTOMATION bridge.state Completed(GATT benchmark)
06-18 11:43:10.041 15129 15148 I MeshLinkReferenceAutomation: REFERENCE_AUTOMATION proof.complete role=sender
06-18 11:43:12.443 15129 15180 I MeshLinkReferenceAutomation: REFERENCE_AUTOMATION driver.handle role=SENDER mode=LIVE_PROOF snapshotPeers=0 timelineEntries=4
06-18 11:43:12.444 15129 15180 I MeshLinkReferenceAutomation: REFERENCE_AUTOMATION snapshot role=SENDER peers=0 hasPeers=false meshStartRequested=false peerAnnounced=false announced=true
06-18 11:43:12.444 15129 15180 I MeshLinkReferenceAutomation: REFERENCE_AUTOMATION mesh.start.evaluate role=SENDER meshStartRequested=false meshState=Running readinessBlockers=
06-18 11:43:12.444 15129 15180 I MeshLinkReferenceAutomation: REFERENCE_AUTOMATION mesh.start.skipped role=SENDER meshStartRequested=false meshState=Running readinessBlockers=
06-18 11:43:12.444 15129 15180 I MeshLinkReferenceAutomation: REFERENCE_AUTOMATION sender.wait.retry role=sender reason=no-peers attempt=2 delayMs=5000
06-18 11:43:17.447 15129 15180 I MeshLinkReferenceAutomation: REFERENCE_AUTOMATION driver.handle role=SENDER mode=LIVE_PROOF snapshotPeers=0 timelineEntries=4
06-18 11:43:17.447 15129 15180 I MeshLinkReferenceAutomation: REFERENCE_AUTOMATION snapshot role=SENDER peers=0 hasPeers=false meshStartRequested=false peerAnnounced=false announced=true
06-18 11:43:17.447 15129 15180 I MeshLinkReferenceAutomation: REFERENCE_AUTOMATION mesh.start.evaluate role=SENDER meshStartRequested=false meshState=Running readinessBlockers=
06-18 11:43:17.448 15129 15180 I MeshLinkReferenceAutomation: REFERENCE_AUTOMATION mesh.start.skipped role=SENDER meshStartRequested=false meshState=Running readinessBlockers=
06-18 11:43:17.448 15129 15180 I MeshLinkReferenceAutomation: REFERENCE_AUTOMATION sender.wait.retry role=sender reason=no-peers attempt=3 delayMs=5000
06-18 11:43:22.452 15129 15174 I MeshLinkReferenceAutomation: REFERENCE_AUTOMATION driver.handle role=SENDER mode=LIVE_PROOF snapshotPeers=0 timelineEntries=4
06-18 11:43:22.452 15129 15174 I MeshLinkReferenceAutomation: REFERENCE_AUTOMATION snapshot role=SENDER peers=0 hasPeers=false meshStartRequested=false peerAnnounced=false announced=true
06-18 11:43:22.453 15129 15174 I MeshLinkReferenceAutomation: REFERENCE_AUTOMATION mesh.start.evaluate role=SENDER meshStartRequested=false meshState=Running readinessBlockers=
06-18 11:43:22.453 15129 15174 I MeshLinkReferenceAutomation: REFERENCE_AUTOMATION mesh.start.skipped role=SENDER meshStartRequested=false meshState=Running readinessBlockers=
06-18 11:43:22.453 15129 15174 I MeshLinkReferenceAutomation: REFERENCE_AUTOMATION sender.wait.retry role=sender reason=no-peers attempt=4 delayMs=5000
