--------- beginning of main
06-18 11:46:53.036 16105 16105 I MeshLinkReferenceAutomation: REFERENCE_AUTOMATION readAutomationConfig enabled=true mode=live-proof role=sender benchmarkTransport=gatt-notify
06-18 11:46:53.052 16105 16105 I MeshLinkReferenceAutomation: REFERENCE_AUTOMATION startup stage=activity.onCreate mode=LIVE_PROOF role=SENDER scenario=direct-guided appId=demo.meshlink.reference.android-direct.a065_mi_note3 storage=03_a065_mi_note3_initial
06-18 11:46:53.052 16105 16105 I MeshLinkReferenceAutomation: REFERENCE_AUTOMATION power.state stage=onCreate interactive=true powerSaveMode=false directProof=true
06-18 11:46:53.052 16105 16105 I MeshLinkReferenceAutomation: REFERENCE_AUTOMATION directProof.transport role=SENDER benchmarkTransport=gatt-notify
06-18 11:46:53.053 16105 16105 I MeshLinkReferenceAutomation: REFERENCE_AUTOMATION gatt.server.evaluate role=SENDER benchmarkTransport=gatt-notify passiveGattRequested=false
06-18 11:46:53.055 16105 16105 I MeshLinkReferenceAutomation: REFERENCE_AUTOMATION startup stage=activity.onCreate mode=LIVE_PROOF role=SENDER scenario=direct-guided appId=demo.meshlink.reference.android-direct.a065_mi_note3 transport=gatt-benchmark
06-18 11:46:53.055 16105 16105 I MeshLinkReferenceAutomation: REFERENCE_AUTOMATION send.requested role=sender
06-18 11:46:53.056 16105 16105 I MeshLinkReferenceAutomation: GATT benchmark scanning appId=demo.meshlink.reference.android-direct.a065_mi_note3
06-18 11:46:53.056 16105 16105 I MeshLinkReferenceAutomation: REFERENCE_AUTOMATION bridge.state Scanning(GATT benchmark)
06-18 11:46:53.061 16105 16105 I MeshLinkReferenceAutomation: gatt.start() -> Started
06-18 11:46:53.066 16105 16105 I MeshLinkReferenceAutomation: REFERENCE_AUTOMATION live.controller.created surface=main-guided platform=Android appId=demo.meshlink.reference.android-direct.a065_mi_note3
06-18 11:46:53.067 16105 16105 I MeshLinkReferenceAutomation: REFERENCE_AUTOMATION startup.coordinator.skipped mode=LIVE_PROOF role=SENDER benchmarkTransport=gatt-notify appId=demo.meshlink.reference.android-direct.a065_mi_note3 controller=LiveReferenceMeshLinkController reason=non-meshlink-benchmark-transport
06-18 11:46:53.083 16105 16105 I MeshLinkReferenceAutomation: REFERENCE_AUTOMATION power.state stage=onResume interactive=true powerSaveMode=false directProof=true
06-18 11:46:53.179 16105 16105 I MeshLinkReferenceAutomation: REFERENCE_AUTOMATION live.controller.created surface=main-guided platform=Android appId=demo.meshlink.reference.android-direct.a065_mi_note3
06-18 11:46:53.179 16105 16105 I MeshLinkReferenceAutomation: REFERENCE_AUTOMATION supported.controller.created surface=main-guided type=LiveReferenceMeshLinkController
06-18 11:46:53.184 16105 16133 I MeshLinkReferenceAutomation: REFERENCE_AUTOMATION session.controller.start kind=SUPPORTED_LIVE platform=Android
06-18 11:46:53.184 16105 16133 I MeshLinkReferenceAutomation: REFERENCE_AUTOMATION supported.controller.dispatch surface=main-guided type=LiveReferenceMeshLinkController
06-18 11:46:53.184 16105 16133 I MeshLinkReferenceAutomation: REFERENCE_AUTOMATION live.controller.start surface=main-guided platform=Android appId=demo.meshlink.reference.android-direct.a065_mi_note3
06-18 11:46:53.227 16105 16133 I MeshLinkReferenceAutomation: startTransport hardware scanner=true advertiser=true carrier=UUID_PAIR
06-18 11:46:53.232 16105 16133 I MeshLinkReferenceAutomation: start() with l2capPsm=221
06-18 11:46:53.233 16105 16133 I MeshLinkReferenceAutomation: refreshDiscoveryState started=true suspended=false scanner=true advertiser=true psm=221 carrier=UUID_PAIR
06-18 11:46:53.234 16105 16133 I MeshLinkReferenceAutomation: scan requested mode=2 carrier=UUID_PAIR
06-18 11:46:53.237 16105 16133 I MeshLinkReferenceAutomation: scan start invoked carrier=UUID_PAIR
06-18 11:46:53.237 16105 16133 I MeshLinkReferenceAutomation: scan started
06-18 11:46:53.237 16105 16133 I MeshLinkReferenceAutomation: advertise requested mode=2 carrier=UUID_PAIR payloadPsm=221
06-18 11:46:53.238 16105 16133 I MeshLinkReferenceAutomation: advertise start invoked carrier=UUID_PAIR payloadPsm=221
06-18 11:46:53.238 16105 16133 I MeshLinkReferenceAutomation: advertise requested carrier=UUID_PAIR payloadPsm=221
06-18 11:46:53.242 16105 16131 I MeshLinkReferenceAutomation: REFERENCE_RUNTIME diagnostic code=MESH_STARTED stage=lifecycle.start peer=none detail=MESH_STARTED @ lifecycle.start
06-18 11:46:53.277 16105 16105 I MeshLinkReferenceAutomation: REFERENCE_AUTOMATION driver.handle role=SENDER mode=LIVE_PROOF snapshotPeers=0 timelineEntries=4
06-18 11:46:53.277 16105 16105 I MeshLinkReferenceAutomation: REFERENCE_AUTOMATION started mode=LIVE_PROOF role=SENDER benchmarkTransport=gatt-notify scenario=direct-guided appId=demo.meshlink.reference.android-direct.a065_mi_note3 storage=03_a065_mi_note3_initial
06-18 11:46:53.277 16105 16105 I MeshLinkReferenceAutomation: REFERENCE_AUTOMATION snapshot role=SENDER peers=0 hasPeers=false meshStartRequested=false peerAnnounced=false announced=true
06-18 11:46:53.277 16105 16105 I MeshLinkReferenceAutomation: REFERENCE_AUTOMATION peers role=SENDER count=0 suffixes=
06-18 11:46:53.277 16105 16105 I MeshLinkReferenceAutomation: REFERENCE_AUTOMATION mesh.start.evaluate role=SENDER meshStartRequested=false meshState=Running readinessBlockers=
06-18 11:46:53.278 16105 16105 I MeshLinkReferenceAutomation: REFERENCE_AUTOMATION mesh.start.skipped role=SENDER meshStartRequested=false meshState=Running readinessBlockers=
06-18 11:46:53.278 16105 16105 I MeshLinkReferenceAutomation: REFERENCE_AUTOMATION sender.waiting role=sender reason=no-peers
06-18 11:46:53.278 16105 16105 I MeshLinkReferenceAutomation: REFERENCE_AUTOMATION sender.wait.retry role=sender reason=no-peers attempt=1 delayMs=5000
06-18 11:46:53.438 16105 16105 I MeshLinkReferenceAutomation: GATT benchmark discovered device=77:A5:E4:04:3F:46 rssi=-57
06-18 11:46:53.438 16105 16105 I MeshLinkReferenceAutomation: REFERENCE_AUTOMATION bridge.state Connecting(GATT benchmark)
06-18 11:46:53.438 16105 16105 I MeshLinkReferenceAutomation: REFERENCE_AUTOMATION peer.discovered role=SENDER peer=gatt-notify-bridge
06-18 11:46:53.444 16105 16105 I MeshLinkReferenceAutomation: advertising started mode=2 tx=3 connectable=true
06-18 11:46:53.971 16105 16118 I MeshLinkReferenceAutomation: GATT benchmark connection status=133 state=DISCONNECTED
06-18 11:46:53.971 16105 16118 I MeshLinkReferenceAutomation: GATT benchmark failed reason=GATT_DISCONNECTED elapsedMs=915
06-18 11:46:53.971 16105 16118 I MeshLinkReferenceAutomation: REFERENCE_AUTOMATION bridge.state Error(GATT benchmark)
06-18 11:46:53.971 16105 16118 I MeshLinkReferenceAutomation: REFERENCE_AUTOMATION proof.failed role=sender reason=Error(GATT benchmark)
