--------- beginning of main
06-18 11:45:02.291 15576 15576 I MeshLinkReferenceAutomation: REFERENCE_AUTOMATION readAutomationConfig enabled=true mode=live-proof role=sender benchmarkTransport=gatt-notify
06-18 11:45:02.307 15576 15576 I MeshLinkReferenceAutomation: REFERENCE_AUTOMATION startup stage=activity.onCreate mode=LIVE_PROOF role=SENDER scenario=direct-guided appId=demo.meshlink.reference.android-direct.a065_xcover storage=02_a065_xcover_initial
06-18 11:45:02.307 15576 15576 I MeshLinkReferenceAutomation: REFERENCE_AUTOMATION power.state stage=onCreate interactive=true powerSaveMode=false directProof=true
06-18 11:45:02.307 15576 15576 I MeshLinkReferenceAutomation: REFERENCE_AUTOMATION directProof.transport role=SENDER benchmarkTransport=gatt-notify
06-18 11:45:02.307 15576 15576 I MeshLinkReferenceAutomation: REFERENCE_AUTOMATION gatt.server.evaluate role=SENDER benchmarkTransport=gatt-notify passiveGattRequested=false
06-18 11:45:02.309 15576 15576 I MeshLinkReferenceAutomation: REFERENCE_AUTOMATION startup stage=activity.onCreate mode=LIVE_PROOF role=SENDER scenario=direct-guided appId=demo.meshlink.reference.android-direct.a065_xcover transport=gatt-benchmark
06-18 11:45:02.309 15576 15576 I MeshLinkReferenceAutomation: REFERENCE_AUTOMATION send.requested role=sender
06-18 11:45:02.310 15576 15576 I MeshLinkReferenceAutomation: GATT benchmark scanning appId=demo.meshlink.reference.android-direct.a065_xcover
06-18 11:45:02.310 15576 15576 I MeshLinkReferenceAutomation: REFERENCE_AUTOMATION bridge.state Scanning(GATT benchmark)
06-18 11:45:02.316 15576 15576 I MeshLinkReferenceAutomation: gatt.start() -> Started
06-18 11:45:02.320 15576 15576 I MeshLinkReferenceAutomation: REFERENCE_AUTOMATION live.controller.created surface=main-guided platform=Android appId=demo.meshlink.reference.android-direct.a065_xcover
06-18 11:45:02.321 15576 15576 I MeshLinkReferenceAutomation: REFERENCE_AUTOMATION startup.coordinator.skipped mode=LIVE_PROOF role=SENDER benchmarkTransport=gatt-notify appId=demo.meshlink.reference.android-direct.a065_xcover controller=LiveReferenceMeshLinkController reason=non-meshlink-benchmark-transport
06-18 11:45:02.337 15576 15576 I MeshLinkReferenceAutomation: REFERENCE_AUTOMATION power.state stage=onResume interactive=true powerSaveMode=false directProof=true
06-18 11:45:02.430 15576 15576 I MeshLinkReferenceAutomation: REFERENCE_AUTOMATION live.controller.created surface=main-guided platform=Android appId=demo.meshlink.reference.android-direct.a065_xcover
06-18 11:45:02.430 15576 15576 I MeshLinkReferenceAutomation: REFERENCE_AUTOMATION supported.controller.created surface=main-guided type=LiveReferenceMeshLinkController
06-18 11:45:02.435 15576 15605 I MeshLinkReferenceAutomation: REFERENCE_AUTOMATION session.controller.start kind=SUPPORTED_LIVE platform=Android
06-18 11:45:02.435 15576 15605 I MeshLinkReferenceAutomation: REFERENCE_AUTOMATION supported.controller.dispatch surface=main-guided type=LiveReferenceMeshLinkController
06-18 11:45:02.435 15576 15605 I MeshLinkReferenceAutomation: REFERENCE_AUTOMATION live.controller.start surface=main-guided platform=Android appId=demo.meshlink.reference.android-direct.a065_xcover
06-18 11:45:02.472 15576 15605 I MeshLinkReferenceAutomation: startTransport hardware scanner=true advertiser=true carrier=UUID_PAIR
06-18 11:45:02.476 15576 15605 I MeshLinkReferenceAutomation: start() with l2capPsm=219
06-18 11:45:02.477 15576 15605 I MeshLinkReferenceAutomation: refreshDiscoveryState started=true suspended=false scanner=true advertiser=true psm=219 carrier=UUID_PAIR
06-18 11:45:02.477 15576 15605 I MeshLinkReferenceAutomation: scan requested mode=2 carrier=UUID_PAIR
06-18 11:45:02.481 15576 15605 I MeshLinkReferenceAutomation: scan start invoked carrier=UUID_PAIR
06-18 11:45:02.481 15576 15605 I MeshLinkReferenceAutomation: scan started
06-18 11:45:02.481 15576 15605 I MeshLinkReferenceAutomation: advertise requested mode=2 carrier=UUID_PAIR payloadPsm=219
06-18 11:45:02.482 15576 15605 I MeshLinkReferenceAutomation: advertise start invoked carrier=UUID_PAIR payloadPsm=219
06-18 11:45:02.483 15576 15605 I MeshLinkReferenceAutomation: advertise requested carrier=UUID_PAIR payloadPsm=219
06-18 11:45:02.485 15576 15604 I MeshLinkReferenceAutomation: REFERENCE_RUNTIME diagnostic code=MESH_STARTED stage=lifecycle.start peer=none detail=MESH_STARTED @ lifecycle.start
06-18 11:45:02.527 15576 15576 I MeshLinkReferenceAutomation: REFERENCE_AUTOMATION driver.handle role=SENDER mode=LIVE_PROOF snapshotPeers=0 timelineEntries=4
06-18 11:45:02.527 15576 15576 I MeshLinkReferenceAutomation: REFERENCE_AUTOMATION started mode=LIVE_PROOF role=SENDER benchmarkTransport=gatt-notify scenario=direct-guided appId=demo.meshlink.reference.android-direct.a065_xcover storage=02_a065_xcover_initial
06-18 11:45:02.527 15576 15576 I MeshLinkReferenceAutomation: REFERENCE_AUTOMATION snapshot role=SENDER peers=0 hasPeers=false meshStartRequested=false peerAnnounced=false announced=true
06-18 11:45:02.527 15576 15576 I MeshLinkReferenceAutomation: REFERENCE_AUTOMATION peers role=SENDER count=0 suffixes=
06-18 11:45:02.527 15576 15576 I MeshLinkReferenceAutomation: REFERENCE_AUTOMATION mesh.start.evaluate role=SENDER meshStartRequested=false meshState=Running readinessBlockers=
06-18 11:45:02.527 15576 15576 I MeshLinkReferenceAutomation: REFERENCE_AUTOMATION mesh.start.skipped role=SENDER meshStartRequested=false meshState=Running readinessBlockers=
06-18 11:45:02.528 15576 15576 I MeshLinkReferenceAutomation: REFERENCE_AUTOMATION sender.waiting role=sender reason=no-peers
06-18 11:45:02.528 15576 15576 I MeshLinkReferenceAutomation: REFERENCE_AUTOMATION sender.wait.retry role=sender reason=no-peers attempt=1 delayMs=5000
06-18 11:45:02.687 15576 15576 I MeshLinkReferenceAutomation: GATT benchmark discovered device=4E:48:75:FC:F6:D7 rssi=-57
06-18 11:45:02.687 15576 15576 I MeshLinkReferenceAutomation: REFERENCE_AUTOMATION bridge.state Connecting(GATT benchmark)
06-18 11:45:02.687 15576 15576 I MeshLinkReferenceAutomation: REFERENCE_AUTOMATION peer.discovered role=SENDER peer=gatt-notify-bridge
06-18 11:45:02.693 15576 15576 I MeshLinkReferenceAutomation: advertising started mode=2 tx=3 connectable=true
06-18 11:45:02.844 15576 15615 I MeshLinkReferenceAutomation: GATT benchmark connection status=0 state=CONNECTED
06-18 11:45:02.844 15576 15615 I MeshLinkReferenceAutomation: REFERENCE_AUTOMATION bridge.state Configuring(GATT benchmark)
06-18 11:45:02.844 15576 15615 I MeshLinkReferenceAutomation: REFERENCE_AUTOMATION ROUTE_DISCOVERED role=SENDER peer=gatt-notify-bridge
06-18 11:45:03.348 15576 15576 I MeshLinkReferenceAutomation: GATT benchmark service discovery retry attempt=1
06-18 11:45:03.395 15576 15615 I MeshLinkReferenceAutomation: GATT benchmark services discovered status=0
06-18 11:45:03.395 15576 15615 I MeshLinkReferenceAutomation: GATT benchmark characteristics ready write=4d455348-1002-1000-8000-000000000000 ack=4d455348-1003-1000-8000-000000000000
06-18 11:45:03.432 15576 15615 I MeshLinkReferenceAutomation: GATT benchmark notifications enabled
06-18 11:45:03.433 15576 15615 I MeshLinkReferenceAutomation: REFERENCE_AUTOMATION bridge.state Running(GATT benchmark)
06-18 11:45:03.433 15576 15615 I MeshLinkReferenceAutomation: GATT benchmark start token=10f093f0885a42e4 bytes=50 chunks=5
06-18 11:45:03.601 15576 15615 I MeshLinkReferenceAutomation: GATT benchmark data token=10f093f0885a42e4 chunk=1/5 bytes=11
06-18 11:45:03.663 15576 15615 I MeshLinkReferenceAutomation: GATT benchmark data token=10f093f0885a42e4 chunk=2/5 bytes=11
06-18 11:45:03.721 15576 15615 I MeshLinkReferenceAutomation: GATT benchmark data token=10f093f0885a42e4 chunk=3/5 bytes=11
06-18 11:45:03.780 15576 15615 I MeshLinkReferenceAutomation: GATT benchmark data token=10f093f0885a42e4 chunk=4/5 bytes=11
06-18 11:45:03.842 15576 15615 I MeshLinkReferenceAutomation: GATT benchmark data token=10f093f0885a42e4 chunk=5/5 bytes=6
06-18 11:45:03.903 15576 15615 I MeshLinkReferenceAutomation: BENCHMARK receipt send(5a42e4) -> Sent token=10f093f0885a42e4 bytes=50 attempt=1
06-18 11:45:03.904 15576 15615 I MeshLinkReferenceAutomation: GATT benchmark completed token=10f093f0885a42e4 bytes=50
06-18 11:45:03.904 15576 15615 I MeshLinkReferenceAutomation: REFERENCE_AUTOMATION bridge.state Completed(GATT benchmark)
06-18 11:45:03.904 15576 15615 I MeshLinkReferenceAutomation: REFERENCE_AUTOMATION proof.complete role=sender
06-18 11:45:07.532 15576 15602 I MeshLinkReferenceAutomation: REFERENCE_AUTOMATION driver.handle role=SENDER mode=LIVE_PROOF snapshotPeers=0 timelineEntries=4
06-18 11:45:07.532 15576 15602 I MeshLinkReferenceAutomation: REFERENCE_AUTOMATION snapshot role=SENDER peers=0 hasPeers=false meshStartRequested=false peerAnnounced=false announced=true
06-18 11:45:07.532 15576 15602 I MeshLinkReferenceAutomation: REFERENCE_AUTOMATION mesh.start.evaluate role=SENDER meshStartRequested=false meshState=Running readinessBlockers=
06-18 11:45:07.532 15576 15602 I MeshLinkReferenceAutomation: REFERENCE_AUTOMATION mesh.start.skipped role=SENDER meshStartRequested=false meshState=Running readinessBlockers=
06-18 11:45:07.532 15576 15602 I MeshLinkReferenceAutomation: REFERENCE_AUTOMATION sender.wait.retry role=sender reason=no-peers attempt=2 delayMs=5000
06-18 11:45:12.537 15576 15602 I MeshLinkReferenceAutomation: REFERENCE_AUTOMATION driver.handle role=SENDER mode=LIVE_PROOF snapshotPeers=0 timelineEntries=4
06-18 11:45:12.537 15576 15602 I MeshLinkReferenceAutomation: REFERENCE_AUTOMATION snapshot role=SENDER peers=0 hasPeers=false meshStartRequested=false peerAnnounced=false announced=true
06-18 11:45:12.537 15576 15602 I MeshLinkReferenceAutomation: REFERENCE_AUTOMATION mesh.start.evaluate role=SENDER meshStartRequested=false meshState=Running readinessBlockers=
06-18 11:45:12.538 15576 15602 I MeshLinkReferenceAutomation: REFERENCE_AUTOMATION mesh.start.skipped role=SENDER meshStartRequested=false meshState=Running readinessBlockers=
06-18 11:45:12.538 15576 15602 I MeshLinkReferenceAutomation: REFERENCE_AUTOMATION sender.wait.retry role=sender reason=no-peers attempt=3 delayMs=5000
06-18 11:45:17.544 15576 15603 I MeshLinkReferenceAutomation: REFERENCE_AUTOMATION driver.handle role=SENDER mode=LIVE_PROOF snapshotPeers=0 timelineEntries=4
06-18 11:45:17.545 15576 15603 I MeshLinkReferenceAutomation: REFERENCE_AUTOMATION snapshot role=SENDER peers=0 hasPeers=false meshStartRequested=false peerAnnounced=false announced=true
06-18 11:45:17.546 15576 15603 I MeshLinkReferenceAutomation: REFERENCE_AUTOMATION mesh.start.evaluate role=SENDER meshStartRequested=false meshState=Running readinessBlockers=
06-18 11:45:17.546 15576 15603 I MeshLinkReferenceAutomation: REFERENCE_AUTOMATION mesh.start.skipped role=SENDER meshStartRequested=false meshState=Running readinessBlockers=
06-18 11:45:17.547 15576 15603 I MeshLinkReferenceAutomation: REFERENCE_AUTOMATION sender.wait.retry role=sender reason=no-peers attempt=4 delayMs=5000
